{
  "stats": {
    "suites": 1,
    "tests": 1,
    "passes": 0,
    "pending": 0,
    "failures": 1,
    "start": "2025-04-16T17:08:54.557Z",
    "end": "2025-04-16T17:09:03.079Z",
    "duration": 8522,
    "testsRegistered": 1,
    "passPercent": 0,
    "pendingPercent": 0,
    "other": 0,
    "hasOther": false,
    "skipped": 0,
    "hasSkipped": false
  },
  "results": [
    {
      "uuid": "c80657cc-03e6-41f8-85c8-82267c017330",
      "title": "",
      "fullFile": "cypress\\e2e\\signup.cy.ts",
      "file": "cypress\\e2e\\signup.cy.ts",
      "beforeHooks": [],
      "afterHooks": [],
      "tests": [],
      "suites": [
        {
          "uuid": "272e4368-7680-4d9c-bcf2-8cf4603bf8ea",
          "title": "Signup Form",
          "fullFile": "",
          "file": "",
          "beforeHooks": [],
          "afterHooks": [],
          "tests": [
            {
              "title": "fill the signup form and show success toast",
              "fullTitle": "Signup Form fill the signup form and show success toast",
              "timedOut": null,
              "duration": 8458,
              "state": "failed",
              "speed": null,
              "pass": false,
              "fail": true,
              "pending": false,
              "context": null,
              "code": "cy.visit(\"/signup\");\ncy.get('input[name=\"firstname\"]').type(\"Ali\");\ncy.get('input[name=\"lastname\"]').type(\"Rezai\");\ncy.get('input[name=\"phonenumber\"]').type(\"9123456789\");\ncy.get('input[name=\"password\"]').type(\"Test@1234\");\ncy.get('input[name=\"confirmpassword\"]').type(\"Test@1234\");\ncy.get('input[type=\"checkbox\"]').check({ force: true });\ncy.get(\"#signup\").click();\n// cy.contains(\"ثبت نام\").click();\ncy.get(\"#sonner-toast\").should(\"exist\").and(\"contain\", \"موفق\");",
              "err": {
                "message": "AssertionError: Timed out retrying after 4000ms: expected '<div#sonner-toast>' to contain 'موفق'",
                "estack": "AssertionError: Timed out retrying after 4000ms: expected '<div#sonner-toast>' to contain 'موفق'\n    at Context.eval (webpack://frontend/./cypress/e2e/signup.cy.ts:16:42)",
                "diff": null
              },
              "uuid": "cd4dc90f-9ae4-42a4-820c-40e07fd330c3",
              "parentUUID": "272e4368-7680-4d9c-bcf2-8cf4603bf8ea",
              "isHook": false,
              "skipped": false
            }
          ],
          "suites": [],
          "passes": [],
          "failures": [
            "cd4dc90f-9ae4-42a4-820c-40e07fd330c3"
          ],
          "pending": [],
          "skipped": [],
          "duration": 8458,
          "root": false,
          "rootEmpty": false,
          "_timeout": 2000
        }
      ],
      "passes": [],
      "failures": [],
      "pending": [],
      "skipped": [],
      "duration": 0,
      "root": true,
      "rootEmpty": true,
      "_timeout": 2000
    }
  ],
  "meta": {
    "mocha": {
      "version": "7.2.0"
    },
    "mochawesome": {
      "options": {
        "quiet": false,
        "reportFilename": "mochawesome",
        "saveHtml": false,
        "saveJson": true,
        "consoleReporter": "spec",
        "useInlineDiffs": false,
        "code": true
      },
      "version": "7.1.3"
    },
    "marge": {
      "options": {
        "reportDir": "cypress/results",
        "overwrite": false,
        "html": false,
        "json": true
      },
      "version": "6.2.0"
    }
  }
}