{
  "stats": {
    "suites": 1,
    "tests": 2,
    "passes": 1,
    "pending": 0,
    "failures": 1,
    "start": "2025-04-16T17:24:52.454Z",
    "end": "2025-04-16T17:25:02.163Z",
    "duration": 9709,
    "testsRegistered": 2,
    "passPercent": 50,
    "pendingPercent": 0,
    "other": 0,
    "hasOther": false,
    "skipped": 0,
    "hasSkipped": false
  },
  "results": [
    {
      "uuid": "483d785f-ce2a-4d0f-bdbb-bffa4c31ba20",
      "title": "",
      "fullFile": "cypress\\e2e\\signup.cy.ts",
      "file": "cypress\\e2e\\signup.cy.ts",
      "beforeHooks": [],
      "afterHooks": [],
      "tests": [],
      "suites": [
        {
          "uuid": "db46c5b0-ac56-4303-a50a-5f898a67b2c7",
          "title": "Signup Form",
          "fullFile": "",
          "file": "",
          "beforeHooks": [],
          "afterHooks": [],
          "tests": [
            {
              "title": "fill the signup form and show success toast",
              "fullTitle": "Signup Form fill the signup form and show success toast",
              "timedOut": null,
              "duration": 7513,
              "state": "failed",
              "speed": null,
              "pass": false,
              "fail": true,
              "pending": false,
              "context": null,
              "code": "cy.visit(\"/signup\");\ncy.get('input[name=\"firstname\"]').type(\"Ali\");\ncy.get('input[name=\"lastname\"]').type(\"Rezai\");\ncy.get('input[name=\"phonenumber\"]').type(\"9123456789\");\ncy.get('input[name=\"password\"]').type(\"Test@1234\");\ncy.get('input[name=\"confirmpassword\"]').type(\"Test@1234\");\ncy.get('input[type=\"checkbox\"]').check({ force: true });\ncy.get(\"#signup\").click();\n// cy.contains(\"ثبت نام\").click();\ncy.get(\"#sonner-toast\").should(\"exist\").and(\"contain\", \"موفق\");",
              "err": {
                "message": "AssertionError: Timed out retrying after 4000ms: expected '<div#sonner-toast>' to contain 'موفق'",
                "estack": "AssertionError: Timed out retrying after 4000ms: expected '<div#sonner-toast>' to contain 'موفق'\n    at Context.eval (webpack://frontend/./cypress/e2e/signup.cy.ts:16:42)",
                "diff": null
              },
              "uuid": "3dfd40c6-b88a-4e21-85a7-879a7e5b266b",
              "parentUUID": "db46c5b0-ac56-4303-a50a-5f898a67b2c7",
              "isHook": false,
              "skipped": false
            },
            {
              "title": "navigate to /login route",
              "fullTitle": "Signup Form navigate to /login route",
              "timedOut": null,
              "duration": 2048,
              "state": "passed",
              "speed": "fast",
              "pass": true,
              "fail": false,
              "pending": false,
              "context": null,
              "code": "cy.visit(\"/signup\");\ncy.get('[data-cy=\"navigate-login\"]')\n    .click();\ncy.url().should(\"include\", \"/login\");",
              "err": {},
              "uuid": "9f6393bc-3f53-4948-85e4-b9387132c369",
              "parentUUID": "db46c5b0-ac56-4303-a50a-5f898a67b2c7",
              "isHook": false,
              "skipped": false
            }
          ],
          "suites": [],
          "passes": [
            "9f6393bc-3f53-4948-85e4-b9387132c369"
          ],
          "failures": [
            "3dfd40c6-b88a-4e21-85a7-879a7e5b266b"
          ],
          "pending": [],
          "skipped": [],
          "duration": 9561,
          "root": false,
          "rootEmpty": false,
          "_timeout": 2000
        }
      ],
      "passes": [],
      "failures": [],
      "pending": [],
      "skipped": [],
      "duration": 0,
      "root": true,
      "rootEmpty": true,
      "_timeout": 2000
    }
  ],
  "meta": {
    "mocha": {
      "version": "7.2.0"
    },
    "mochawesome": {
      "options": {
        "quiet": false,
        "reportFilename": "mochawesome",
        "saveHtml": false,
        "saveJson": true,
        "consoleReporter": "spec",
        "useInlineDiffs": false,
        "code": true
      },
      "version": "7.1.3"
    },
    "marge": {
      "options": {
        "reportDir": "cypress/results",
        "overwrite": false,
        "html": false,
        "json": true
      },
      "version": "6.2.0"
    }
  }
}